<?xml version="1.0" encoding="utf-8"?><testsuites name="pytest tests"><testsuite name="pytest" errors="0" failures="0" skipped="0" tests="51" time="4.228" timestamp="2026-07-17T06:28:27.402508+08:00" hostname="Eitans-MBP-M5-3.lan"><testcase classname="tests.test_turboquant" name="test_turboquant_mse_matches_paper_small_bit_distortions" time="0.067" /><testcase classname="tests.test_turboquant" name="test_turboquant_prod_is_nearly_unbiased_across_seeds" time="0.016" /><testcase classname="tests.test_turboquant" name="test_fractional_turboquant_improves_reconstruction" time="0.066" /><testcase classname="tests.test_turboquant" name="test_turboquant_cache_round_trip" time="0.007" /><testcase classname="tests.test_turboquant" name="test_batch_tq_prefill_quantizes_immediately" time="0.007" /><testcase classname="tests.test_turboquant" name="test_batch_tq_decode_appends" time="0.010" /><testcase classname="tests.test_turboquant" name="test_batch_tq_merge_extract" time="0.008" /><testcase classname="tests.test_turboquant" name="test_batch_tq_merge_rejects_mixed_bit_depths" time="0.156" /><testcase classname="tests.test_turboquant" name="test_batch_tq_merge_preserves_empty_rows" time="0.011" /><testcase classname="tests.test_turboquant" name="test_batch_tq_extend_preserves_empty_rows" time="0.011" /><testcase classname="tests.test_turboquant" name="test_batch_tq_extend_rejects_plain_batch_cache" time="0.004" /><testcase classname="tests.test_turboquant" name="test_batch_tq_merge_rejects_plain_cache_entries" time="0.003" /><testcase classname="tests.test_turboquant" name="test_batch_tq_continuous_batching_extend" time="0.004" /><testcase classname="tests.test_turboquant" name="test_batch_make_mask_matches_fp16_left_padding" time="0.610" /><testcase classname="tests.test_turboquant" name="test_batch_tq_filter" time="0.002" /><testcase classname="tests.test_turboquant" name="test_batch_tq_extend" time="0.002" /><testcase classname="tests.test_turboquant" name="test_batch_tq_dequantize" time="0.006" /><testcase classname="tests.test_turboquant" name="test_batch_tq_state_property" time="0.001" /><testcase classname="tests.test_turboquant" name="test_batch_tq_meta_state_round_trip" time="0.001" /><testcase classname="tests.test_turboquant" name="test_attention_patch_routes_tq" time="0.011" /><testcase classname="tests.test_turboquant" name="test_attention_patch_preserves_sinks_with_dequant_fallback" time="0.000" /><testcase classname="tests.test_turboquant" name="test_attention_patch_routes_long_tq_prefill_to_quantized_attention" time="0.000" /><testcase classname="tests.test_turboquant" name="test_attention_patch_falls_back_when_quantized_prefill_fails" time="0.003" /><testcase classname="tests.test_turboquant" name="test_decode_multirow_matches_dequantize_reference[2]" time="0.059" /><testcase classname="tests.test_turboquant" name="test_decode_multirow_matches_dequantize_reference[4]" time="0.009" /><testcase classname="tests.test_turboquant" name="test_decode_multirow_matches_dequantize_reference[9]" time="0.014" /><testcase classname="tests.test_turboquant" name="test_fused_multirow_kernel_matches_dequantize_reference[2]" time="0.015" /><testcase classname="tests.test_turboquant" name="test_fused_multirow_kernel_matches_dequantize_reference[3]" time="0.009" /><testcase classname="tests.test_turboquant" name="test_fused_multirow_kernel_matches_dequantize_reference[4]" time="0.009" /><testcase classname="tests.test_turboquant" name="test_fused_multirow_kernel_handles_mixed_bit_codecs[2.5]" time="0.018" /><testcase classname="tests.test_turboquant" name="test_fused_multirow_kernel_handles_mixed_bit_codecs[3.5]" time="0.007" /><testcase classname="tests.test_turboquant" name="test_fused_multirow_kernel_handles_mixed_bit_codecs[8]" time="0.608" /><testcase classname="tests.test_turboquant" name="test_fused_multirow_kernel_respects_token_floor" time="0.001" /><testcase classname="tests.test_turboquant" name="test_attention_patch_routes_decode_multirow_causal" time="0.006" /><testcase classname="tests.test_turboquant" name="test_attention_patch_multirow_ignores_non_causal_masks" time="0.001" /><testcase classname="tests.test_turboquant" name="test_vlm_target_verify_attention_handles_tq_proxies" time="0.006" /><testcase classname="tests.test_turboquant" name="test_rebuild_codecs_mse" time="0.044" /><testcase classname="tests.test_turboquant" name="test_rebuild_codecs_fractional_bits" time="0.001" /><testcase classname="tests.test_turboquant" name="test_infer_head_dim" time="0.041" /><testcase classname="tests.test_turboquant" name="test_concat_state_token_axis_mse_matches_pairwise_concat" time="0.001" /><testcase classname="tests.test_turboquant" name="test_ssd_type_map_completeness" time="0.000" /><testcase classname="tests.test_turboquant" name="test_turboquant_eligible_gate" time="0.019" /><testcase classname="tests.test_turboquant" name="test_turboquant_convert_hybrid_cache_keeps_rotating_passthrough" time="0.002" /><testcase classname="tests.test_turboquant" name="test_turboquant_convert_preserves_skip_last_after_partial_tq_restore" time="0.001" /><testcase classname="tests.test_turboquant" name="test_from_cache_merge_builds_working_batch" time="0.003" /><testcase classname="tests.test_turboquant" name="test_decode_single_token_quantize_is_accurate" time="0.600" /><testcase classname="tests.test_turboquant" name="test_batch_masked_decode_is_accurate" time="0.609" /><testcase classname="tests.test_turboquant" name="test_batch_tq_append_position_survives_min_lp_row_departure" time="0.013" /><testcase classname="tests.test_turboquant" name="test_batch_tq_make_mask_width_after_min_lp_row_departure" time="0.008" /><testcase classname="tests.test_turboquant" name="test_batch_tq_append_growth_keeps_content_and_geometry" time="0.012" /><testcase classname="tests.test_turboquant" name="test_batch_tq_state_restore_resets_phys_end" time="0.008" /></testsuite></testsuites>